<?xml version="1.0" encoding="UTF-8"?>
<!-- Generated by org.testng.reporters.JUnitXMLReporter -->
<testsuite ignored="3" hostname="Chaitanya" failures="0" tests="2" name="Test" time="17.946" errors="0" timestamp="2022-07-19T22:31:28 IST">
  <testcase classname="com.demo.insuranceCalculation_Motorcycle.EndToEndTests_Motorcycle" name="insuranceCalculate" time="4.17"/>
  <testcase classname="com.demo.insuranceCalculation_Motorcycle.ErrorTests_Motorcycle" name="verify_model_dropdown_options" time="1.697"/>
  <testcase classname="com.demo.insuranceCalculation_Motorcycle.ErrorTests_Motorcycle" name="errorMessage_CylinderCapacityField" time="0.0">
    <ignored/>
  </testcase> <!-- errorMessage_CylinderCapacityField -->
  <testcase classname="com.demo.insuranceCalculation_Motorcycle.ErrorTests_Motorcycle" name="errorMessage_CylinderCapacityField1" time="0.0">
    <ignored/>
  </testcase> <!-- errorMessage_CylinderCapacityField1 -->
  <testcase classname="com.demo.testbase.TestBase" name="@BeforeSuite initiateObjects" time="0.0">
    <ignored/>
  </testcase> <!-- @BeforeSuite initiateObjects -->
</testsuite> <!-- Test -->
