<?xml version="1.0" encoding="UTF-8"?>
<testng-results ignored="3" total="5" passed="2" failed="0" skipped="0">
  <reporter-output>
  </reporter-output>
  <suite started-at="2022-07-18T19:18:33 IST" name="Suite" finished-at="2022-07-18T19:19:04 IST" duration-ms="31586">
    <groups>
    </groups>
    <test started-at="2022-07-18T19:18:33 IST" name="Test" finished-at="2022-07-18T19:19:04 IST" duration-ms="31586">
      <class name="com.demo.insuranceCalculation_Motorcycle.ErrorTests_Motorcycle">
        <test-method is-config="true" signature="setup()[pri:0, instance:com.demo.insuranceCalculation_Motorcycle.ErrorTests_Motorcycle@2f465398]" started-at="2022-07-18T19:18:56 IST" name="setup" finished-at="2022-07-18T19:19:03 IST" duration-ms="6634" status="PASS">
          <reporter-output>
          </reporter-output>
        </test-method> <!-- setup -->
        <test-method signature="verify_model_dropdown_options()[pri:0, instance:com.demo.insuranceCalculation_Motorcycle.ErrorTests_Motorcycle@2f465398]" started-at="2022-07-18T19:19:03 IST" name="verify_model_dropdown_options" finished-at="2022-07-18T19:19:04 IST" duration-ms="1506" status="PASS">
          <reporter-output>
          </reporter-output>
        </test-method> <!-- verify_model_dropdown_options -->
        <test-method is-config="true" signature="teardown()[pri:0, instance:com.demo.insuranceCalculation_Motorcycle.ErrorTests_Motorcycle@2f465398]" started-at="2022-07-18T19:19:04 IST" name="teardown" finished-at="2022-07-18T19:19:04 IST" duration-ms="177" status="PASS">
          <reporter-output>
          </reporter-output>
        </test-method> <!-- teardown -->
      </class> <!-- com.demo.insuranceCalculation_Motorcycle.ErrorTests_Motorcycle -->
      <class name="com.demo.insuranceCalculation_Motorcycle.EndToEndTests_Motorcycle">
        <test-method is-config="true" signature="initiateObjects()[pri:0, instance:com.demo.insuranceCalculation_Motorcycle.EndToEndTests_Motorcycle@d21a74c]" started-at="2022-07-18T19:18:33 IST" name="initiateObjects" finished-at="2022-07-18T19:18:33 IST" duration-ms="20" status="PASS">
          <reporter-output>
          </reporter-output>
        </test-method> <!-- initiateObjects -->
        <test-method is-config="true" signature="setup()[pri:0, instance:com.demo.insuranceCalculation_Motorcycle.EndToEndTests_Motorcycle@d21a74c]" started-at="2022-07-18T19:18:33 IST" name="setup" finished-at="2022-07-18T19:18:51 IST" duration-ms="18161" status="PASS">
          <reporter-output>
          </reporter-output>
        </test-method> <!-- setup -->
        <test-method signature="insuranceCalculate()[pri:0, instance:com.demo.insuranceCalculation_Motorcycle.EndToEndTests_Motorcycle@d21a74c]" started-at="2022-07-18T19:18:51 IST" name="insuranceCalculate" finished-at="2022-07-18T19:18:56 IST" duration-ms="4558" status="PASS">
          <reporter-output>
          </reporter-output>
        </test-method> <!-- insuranceCalculate -->
        <test-method is-config="true" signature="teardown()[pri:0, instance:com.demo.insuranceCalculation_Motorcycle.EndToEndTests_Motorcycle@d21a74c]" started-at="2022-07-18T19:18:56 IST" name="teardown" finished-at="2022-07-18T19:18:56 IST" duration-ms="197" status="PASS">
          <reporter-output>
          </reporter-output>
        </test-method> <!-- teardown -->
      </class> <!-- com.demo.insuranceCalculation_Motorcycle.EndToEndTests_Motorcycle -->
    </test> <!-- Test -->
  </suite> <!-- Suite -->
</testng-results>
